[2026-02-20T18:37:03.816+0000] {taskinstance.py:1157} INFO - Dependencies all met for dep_context=non-requeueable deps ti=<TaskInstance: trade_surveillance_daily.generate_new_orders manual__2026-02-20T18:37:01.588309+00:00 [queued]>
[2026-02-20T18:37:03.825+0000] {taskinstance.py:1157} INFO - Dependencies all met for dep_context=requeueable deps ti=<TaskInstance: trade_surveillance_daily.generate_new_orders manual__2026-02-20T18:37:01.588309+00:00 [queued]>
[2026-02-20T18:37:03.826+0000] {taskinstance.py:1359} INFO - Starting attempt 1 of 3
[2026-02-20T18:37:03.838+0000] {taskinstance.py:1380} INFO - Executing <Task(PythonOperator): generate_new_orders> on 2026-02-20 18:37:01.588309+00:00
[2026-02-20T18:37:03.843+0000] {standard_task_runner.py:57} INFO - Started process 360 to run task
[2026-02-20T18:37:03.846+0000] {standard_task_runner.py:84} INFO - Running: ['airflow', 'tasks', 'run', 'trade_surveillance_daily', 'generate_new_orders', 'manual__2026-02-20T18:37:01.588309+00:00', '--job-id', '49', '--raw', '--subdir', 'DAGS_FOLDER/surveillance_pipeline.py', '--cfg-path', '/tmp/tmplmb8zggx']
[2026-02-20T18:37:03.849+0000] {standard_task_runner.py:85} INFO - Job 49: Subtask generate_new_orders
[2026-02-20T18:37:03.907+0000] {task_command.py:415} INFO - Running <TaskInstance: trade_surveillance_daily.generate_new_orders manual__2026-02-20T18:37:01.588309+00:00 [running]> on host 2cfd01a5d262
[2026-02-20T18:37:03.998+0000] {taskinstance.py:1660} INFO - Exporting env vars: AIRFLOW_CTX_DAG_OWNER='tony' AIRFLOW_CTX_DAG_ID='trade_surveillance_daily' AIRFLOW_CTX_TASK_ID='generate_new_orders' AIRFLOW_CTX_EXECUTION_DATE='2026-02-20T18:37:01.588309+00:00' AIRFLOW_CTX_TRY_NUMBER='1' AIRFLOW_CTX_DAG_RUN_ID='manual__2026-02-20T18:37:01.588309+00:00'
[2026-02-20T18:37:04.070+0000] {logging_mixin.py:151} WARNING - /home/airflow/.local/lib/python3.11/site-packages/airflow/utils/context.py:314 AirflowContextDeprecationWarning: Accessing 'execution_date' from the template is deprecated and will be removed in a future version. Please use 'data_interval_start' or 'logical_date' instead.
[2026-02-20T18:37:04.071+0000] {logging_mixin.py:151} INFO - Generating orders for 2026-02-20...
[2026-02-20T18:37:04.543+0000] {taskinstance.py:1935} ERROR - Task failed with exception
Traceback (most recent call last):
  File "/home/airflow/.local/lib/python3.11/site-packages/boto3/s3/transfer.py", line 292, in upload_file
    future.result()
  File "/home/airflow/.local/lib/python3.11/site-packages/s3transfer/futures.py", line 103, in result
    return self._coordinator.result()
           ^^^^^^^^^^^^^^^^^^^^^^^^^^
  File "/home/airflow/.local/lib/python3.11/site-packages/s3transfer/futures.py", line 266, in result
    raise self._exception
  File "/home/airflow/.local/lib/python3.11/site-packages/s3transfer/tasks.py", line 139, in __call__
    return self._execute_main(kwargs)
           ^^^^^^^^^^^^^^^^^^^^^^^^^^
  File "/home/airflow/.local/lib/python3.11/site-packages/s3transfer/tasks.py", line 162, in _execute_main
    return_value = self._main(**kwargs)
                   ^^^^^^^^^^^^^^^^^^^^
  File "/home/airflow/.local/lib/python3.11/site-packages/s3transfer/upload.py", line 758, in _main
    client.put_object(Bucket=bucket, Key=key, Body=body, **extra_args)
  File "/home/airflow/.local/lib/python3.11/site-packages/botocore/client.py", line 535, in _api_call
    return self._make_api_call(operation_name, kwargs)
           ^^^^^^^^^^^^^^^^^^^^^^^^^^^^^^^^^^^^^^^^^^^
  File "/home/airflow/.local/lib/python3.11/site-packages/botocore/client.py", line 980, in _make_api_call
    raise error_class(parsed_response, operation_name)
botocore.errorfactory.NoSuchBucket: An error occurred (NoSuchBucket) when calling the PutObject operation: The specified bucket does not exist

During handling of the above exception, another exception occurred:

Traceback (most recent call last):
  File "/home/airflow/.local/lib/python3.11/site-packages/airflow/operators/python.py", line 192, in execute
    return_value = self.execute_callable()
                   ^^^^^^^^^^^^^^^^^^^^^^^
  File "/home/airflow/.local/lib/python3.11/site-packages/airflow/operators/python.py", line 209, in execute_callable
    return self.python_callable(*self.op_args, **self.op_kwargs)
           ^^^^^^^^^^^^^^^^^^^^^^^^^^^^^^^^^^^^^^^^^^^^^^^^^^^^^
  File "/opt/airflow/dags/surveillance_pipeline.py", line 44, in run_generate_new_orders
    generate_trading_day(trade_date)
  File "/opt/airflow/src/generate_orders.py", line 125, in generate_trading_day
    upload_to_s3(local_orders_path, f"orders/{orders_filename}")
  File "/opt/airflow/src/s3_utils.py", line 16, in upload_to_s3
    s3.upload_file(local_path, S3_BUCKET, s3_key)
  File "/home/airflow/.local/lib/python3.11/site-packages/boto3/s3/inject.py", line 143, in upload_file
    return transfer.upload_file(
           ^^^^^^^^^^^^^^^^^^^^^
  File "/home/airflow/.local/lib/python3.11/site-packages/boto3/s3/transfer.py", line 298, in upload_file
    raise S3UploadFailedError(
boto3.exceptions.S3UploadFailedError: Failed to upload /opt/airflow/data/orders_2026-02-20.csv to trade-surveillance-au/orders/orders_2026-02-20.csv: An error occurred (NoSuchBucket) when calling the PutObject operation: The specified bucket does not exist
[2026-02-20T18:37:04.577+0000] {taskinstance.py:1398} INFO - Marking task as UP_FOR_RETRY. dag_id=trade_surveillance_daily, task_id=generate_new_orders, execution_date=20260220T183701, start_date=20260220T183703, end_date=20260220T183704
[2026-02-20T18:37:04.603+0000] {standard_task_runner.py:104} ERROR - Failed to execute job 49 for task generate_new_orders (Failed to upload /opt/airflow/data/orders_2026-02-20.csv to trade-surveillance-au/orders/orders_2026-02-20.csv: An error occurred (NoSuchBucket) when calling the PutObject operation: The specified bucket does not exist; 360)
[2026-02-20T18:37:04.622+0000] {local_task_job_runner.py:228} INFO - Task exited with return code 1
[2026-02-20T18:37:04.650+0000] {taskinstance.py:2776} INFO - 0 downstream tasks scheduled from follow-on schedule check
